# JRE version: OpenJDK Runtime Environment (8.0_322) (build 1.8.0_322-ga)
# Java VM: OpenJDK 64-Bit Server VM (25.322-bga mixed mode linux-amd64 compressed oops)
Heap:
 PSYoungGen      total 38400K, used 1186K [0x00000000fd580000, 0x0000000100000000, 0x0000000100000000)
  eden space 33280K, 3% used [0x00000000fd580000,0x00000000fd6a8868,0x00000000ff600000)
  from space 5120K, 0% used [0x00000000ffb00000,0x00000000ffb00000,0x0000000100000000)
  to   space 5120K, 0% used [0x00000000ff600000,0x00000000ff600000,0x00000000ffb00000)
 ParOldGen       total 87552K, used 28221K [0x00000000f8000000, 0x00000000fd580000, 0x00000000fd580000)
  object space 87552K, 32% used [0x00000000f8000000,0x00000000f9b8f608,0x00000000fd580000)
 Metaspace       used 34888K, capacity 36130K, committed 36312K, reserved 1081344K
  class space    used 4394K, capacity 4641K, committed 4736K, reserved 1048576K
GC Heap History (10 events):
Event: 4.405 GC heap before
{Heap before GC invocations=2 (full 0):
 PSYoungGen      total 38400K, used 24252K [0x00000000fd580000, 0x0000000100000000, 0x0000000100000000)
  eden space 33280K, 57% used [0x00000000fd580000,0x00000000fe835d18,0x00000000ff600000)
  from space 5120K, 99% used [0x00000000ff600000,0x00000000ffaf94b0,0x00000000ffb00000)
  to   space 5120K, 0% used [0x00000000ffb00000,0x00000000ffb00000,0x0000000100000000)
 ParOldGen       total 87552K, used 3809K [0x00000000f8000000, 0x00000000fd580000, 0x00000000fd580000)
  object space 87552K, 4% used [0x00000000f8000000,0x00000000f83b8560,0x00000000fd580000)
 Metaspace       used 20705K, capacity 21018K, committed 21248K, reserved 1067008K
  class space    used 2583K, capacity 2691K, committed 2816K, reserved 1048576K
Event: 4.486 GC heap after
Heap after GC invocations=2 (full 0):
 PSYoungGen      total 38400K, used 5104K [0x00000000fd580000, 0x0000000100000000, 0x0000000100000000)
  eden space 33280K, 0% used [0x00000000fd580000,0x00000000fd580000,0x00000000ff600000)
  from space 5120K, 99% used [0x00000000ffb00000,0x00000000ffffc060,0x0000000100000000)
  to   space 5120K, 0% used [0x00000000ff600000,0x00000000ff600000,0x00000000ffb00000)
 ParOldGen       total 87552K, used 6360K [0x00000000f8000000, 0x00000000fd580000, 0x00000000fd580000)
  object space 87552K, 7% used [0x00000000f8000000,0x00000000f86361a0,0x00000000fd580000)
 Metaspace       used 20705K, capacity 21018K, committed 21248K, reserved 1067008K
  class space    used 2583K, capacity 2691K, committed 2816K, reserved 1048576K
}
Event: 4.486 GC heap before
{Heap before GC invocations=3 (full 1):
 PSYoungGen      total 38400K, used 5104K [0x00000000fd580000, 0x0000000100000000, 0x0000000100000000)
  eden space 33280K, 0% used [0x00000000fd580000,0x00000000fd580000,0x00000000ff600000)
  from space 5120K, 99% used [0x00000000ffb00000,0x00000000ffffc060,0x0000000100000000)
  to   space 5120K, 0% used [0x00000000ff600000,0x00000000ff600000,0x00000000ffb00000)
 ParOldGen       total 87552K, used 6360K [0x00000000f8000000, 0x00000000fd580000, 0x00000000fd580000)
  object space 87552K, 7% used [0x00000000f8000000,0x00000000f86361a0,0x00000000fd580000)
 Metaspace       used 20705K, capacity 21018K, committed 21248K, reserved 1067008K
  class space    used 2583K, capacity 2691K, committed 2816K, reserved 1048576K
Event: 4.589 GC heap after
Heap after GC invocations=3 (full 1):
 PSYoungGen      total 38400K, used 0K [0x00000000fd580000, 0x0000000100000000, 0x0000000100000000)
  eden space 33280K, 0% used [0x00000000fd580000,0x00000000fd580000,0x00000000ff600000)
  from space 5120K, 0% used [0x00000000ffb00000,0x00000000ffb00000,0x0000000100000000)
  to   space 5120K, 0% used [0x00000000ff600000,0x00000000ff600000,0x00000000ffb00000)
 ParOldGen       total 56832K, used 7487K [0x00000000f8000000, 0x00000000fb780000, 0x00000000fd580000)
  object space 56832K, 13% used [0x00000000f8000000,0x00000000f874fca8,0x00000000fb780000)
 Metaspace       used 20692K, capacity 20976K, committed 21248K, reserved 1067008K
  class space    used 2579K, capacity 2684K, committed 2816K, reserved 1048576K
}
Event: 9.488 GC heap before
{Heap before GC invocations=4 (full 1):
 PSYoungGen      total 38400K, used 33280K [0x00000000fd580000, 0x0000000100000000, 0x0000000100000000)
  eden space 33280K, 100% used [0x00000000fd580000,0x00000000ff600000,0x00000000ff600000)
  from space 5120K, 0% used [0x00000000ffb00000,0x00000000ffb00000,0x0000000100000000)
  to   space 5120K, 0% used [0x00000000ff600000,0x00000000ff600000,0x00000000ffb00000)
 ParOldGen       total 56832K, used 7487K [0x00000000f8000000, 0x00000000fb780000, 0x00000000fd580000)
  object space 56832K, 13% used [0x00000000f8000000,0x00000000f874fca8,0x00000000fb780000)
 Metaspace       used 28604K, capacity 29084K, committed 29440K, reserved 1075200K
  class space    used 3600K, capacity 3782K, committed 3840K, reserved 1048576K
Event: 9.579 GC heap after
Heap after GC invocations=4 (full 1):
 PSYoungGen      total 38400K, used 5088K [0x00000000fd580000, 0x0000000100000000, 0x0000000100000000)
  eden space 33280K, 0% used [0x00000000fd580000,0x00000000fd580000,0x00000000ff600000)
  from space 5120K, 99% used [0x00000000ff600000,0x00000000ffaf8090,0x00000000ffb00000)
  to   space 5120K, 0% used [0x00000000ffb00000,0x00000000ffb00000,0x0000000100000000)
 ParOldGen       total 56832K, used 14127K [0x00000000f8000000, 0x00000000fb780000, 0x00000000fd580000)
  object space 56832K, 24% used [0x00000000f8000000,0x00000000f8dcbc18,0x00000000fb780000)
 Metaspace       used 28604K, capacity 29084K, committed 29440K, reserved 1075200K
  class space    used 3600K, capacity 3782K, committed 3840K, reserved 1048576K
}
Event: 24.492 GC heap before
{Heap before GC invocations=5 (full 1):
 PSYoungGen      total 38400K, used 32594K [0x00000000fd580000, 0x0000000100000000, 0x0000000100000000)
  eden space 33280K, 82% used [0x00000000fd580000,0x00000000ff05c7e0,0x00000000ff600000)
  from space 5120K, 99% used [0x00000000ff600000,0x00000000ffaf8090,0x00000000ffb00000)
  to   space 5120K, 0% used [0x00000000ffb00000,0x00000000ffb00000,0x0000000100000000)
 ParOldGen       total 56832K, used 14127K [0x00000000f8000000, 0x00000000fb780000, 0x00000000fd580000)
  object space 56832K, 24% used [0x00000000f8000000,0x00000000f8dcbc18,0x00000000fb780000)
 Metaspace       used 34049K, capacity 35354K, committed 35416K, reserved 1081344K
  class space    used 4297K, capacity 4575K, committed 4608K, reserved 1048576K
Event: 24.586 GC heap after
Heap after GC invocations=5 (full 1):
 PSYoungGen      total 38400K, used 5104K [0x00000000fd580000, 0x0000000100000000, 0x0000000100000000)
  eden space 33280K, 0% used [0x00000000fd580000,0x00000000fd580000,0x00000000ff600000)
  from space 5120K, 99% used [0x00000000ffb00000,0x00000000ffffc040,0x0000000100000000)
  to   space 5120K, 0% used [0x00000000ff600000,0x00000000ff600000,0x00000000ffb00000)
 ParOldGen       total 56832K, used 30518K [0x00000000f8000000, 0x00000000fb780000, 0x00000000fd580000)
  object space 56832K, 53% used [0x00000000f8000000,0x00000000f9dcd820,0x00000000fb780000)
 Metaspace       used 34049K, capacity 35354K, committed 35416K, reserved 1081344K
  class space    used 4297K, capacity 4575K, committed 4608K, reserved 1048576K
}
Event: 24.586 GC heap before
{Heap before GC invocations=6 (full 2):
 PSYoungGen      total 38400K, used 5104K [0x00000000fd580000, 0x0000000100000000, 0x0000000100000000)
  eden space 33280K, 0% used [0x00000000fd580000,0x00000000fd580000,0x00000000ff600000)
  from space 5120K, 99% used [0x00000000ffb00000,0x00000000ffffc040,0x0000000100000000)
  to   space 5120K, 0% used [0x00000000ff600000,0x00000000ff600000,0x00000000ffb00000)
 ParOldGen       total 56832K, used 30518K [0x00000000f8000000, 0x00000000fb780000, 0x00000000fd580000)
  object space 56832K, 53% used [0x00000000f8000000,0x00000000f9dcd820,0x00000000fb780000)
 Metaspace       used 34049K, capacity 35354K, committed 35416K, reserved 1081344K
  class space    used 4297K, capacity 4575K, committed 4608K, reserved 1048576K
Event: 25.179 GC heap after
Heap after GC invocations=6 (full 2):
 PSYoungGen      total 38400K, used 0K [0x00000000fd580000, 0x0000000100000000, 0x0000000100000000)
  eden space 33280K, 0% used [0x00000000fd580000,0x00000000fd580000,0x00000000ff600000)
  from space 5120K, 0% used [0x00000000ffb00000,0x00000000ffb00000,0x0000000100000000)
  to   space 5120K, 0% used [0x00000000ff600000,0x00000000ff600000,0x00000000ffb00000)
 ParOldGen       total 87552K, used 28221K [0x00000000f8000000, 0x00000000fd580000, 0x00000000fd580000)
  object space 87552K, 32% used [0x00000000f8000000,0x00000000f9b8f608,0x00000000fd580000)
 Metaspace       used 34049K, capacity 35354K, committed 35416K, reserved 1081344K
  class space    used 4297K, capacity 4575K, committed 4608K, reserved 1048576K
}

